<?xml version="1.0" encoding="UTF-8"?>
<testng-results skipped="0" failed="0" total="3" passed="3">
  <reporter-output>
  </reporter-output>
  <suite name="Default suite" duration-ms="125" started-at="2021-06-28T16:12:02Z" finished-at="2021-06-28T16:12:02Z">
    <groups>
    </groups>
    <test name="Default test" duration-ms="125" started-at="2021-06-28T16:12:02Z" finished-at="2021-06-28T16:12:02Z">
      <class name="practice.Test2">
        <test-method status="PASS" signature="pp()[pri:0, instance:practice.Test2@5ae9a829]" name="pp" duration-ms="32" started-at="2021-06-28T21:42:02Z" finished-at="2021-06-28T21:42:02Z">
          <reporter-output>
          </reporter-output>
        </test-method> <!-- pp -->
        <test-method status="PASS" signature="pqr()[pri:0, instance:practice.Test2@5ae9a829]" name="pqr" duration-ms="0" started-at="2021-06-28T21:42:02Z" finished-at="2021-06-28T21:42:02Z">
          <reporter-output>
          </reporter-output>
        </test-method> <!-- pqr -->
        <test-method status="PASS" signature="pq()[pri:1, instance:practice.Test2@5ae9a829]" name="pq" duration-ms="15" started-at="2021-06-28T21:42:02Z" finished-at="2021-06-28T21:42:02Z">
          <reporter-output>
          </reporter-output>
        </test-method> <!-- pq -->
      </class> <!-- practice.Test2 -->
    </test> <!-- Default test -->
  </suite> <!-- Default suite -->
</testng-results>
